android-webview/app/build/intermediates/manifest_merge_blame_file/debug/processDebugMainManifest/manifest-merger-blame-debug-report.txt
1<?xml version="1.0" encoding="utf-8"?>
2<manifest xmlns:android="http://schemas.android.com/apk/res/android"
3    package="ae.lf.trainingeval"
4    android:versionCode="2"
5    android:versionName="1.1.0" >
6
7    <uses-sdk
8        android:minSdkVersion="24"
9        android:targetSdkVersion="34" />
10
11    <uses-permission android:name="android.permission.INTERNET" />
11-->src\main\AndroidManifest.xml:4:5-67
11-->src\main\AndroidManifest.xml:4:22-64
12    <uses-permission android:name="android.permission.ACCESS_NETWORK_STATE" />
12-->src\main\AndroidManifest.xml:5:5-79
12-->src\main\AndroidManifest.xml:5:22-76
13    <uses-permission android:name="android.permission.CAMERA" />
13-->src\main\AndroidManifest.xml:6:5-65
13-->src\main\AndroidManifest.xml:6:22-62
14    <uses-permission android:name="android.permission.RECORD_AUDIO" />
14-->src\main\AndroidManifest.xml:7:5-71
14-->src\main\AndroidManifest.xml:7:22-68
15
16    <uses-feature
16-->src\main\AndroidManifest.xml:8:5-85
17        android:name="android.hardware.camera"
17-->src\main\AndroidManifest.xml:8:19-57
18        android:required="false" />
18-->src\main\AndroidManifest.xml:8:58-82
19    <uses-feature
19-->src\main\AndroidManifest.xml:9:5-95
20        android:name="android.hardware.camera.autofocus"
20-->src\main\AndroidManifest.xml:9:19-67
21        android:required="false" />
21-->src\main\AndroidManifest.xml:9:68-92
22
23    <uses-permission
23-->src\main\AndroidManifest.xml:10:5-12:38
24        android:name="android.permission.WRITE_EXTERNAL_STORAGE"
24-->src\main\AndroidManifest.xml:11:9-65
25        android:maxSdkVersion="28" />
25-->src\main\AndroidManifest.xml:12:9-35
26    <uses-permission
26-->src\main\AndroidManifest.xml:13:5-15:38
27        android:name="android.permission.READ_EXTERNAL_STORAGE"
27-->src\main\AndroidManifest.xml:14:9-64
28        android:maxSdkVersion="32" />
28-->src\main\AndroidManifest.xml:15:9-35
29    <uses-permission android:name="android.permission.WAKE_LOCK" />
29-->[androidx.work:work-runtime:2.9.1] AndroidManifest.xml:23:5-68
29-->[androidx.work:work-runtime:2.9.1] AndroidManifest.xml:23:22-65
30    <uses-permission android:name="android.permission.RECEIVE_BOOT_COMPLETED" />
30-->[androidx.work:work-runtime:2.9.1] AndroidManifest.xml:25:5-81
30-->[androidx.work:work-runtime:2.9.1] AndroidManifest.xml:25:22-78
31    <uses-permission android:name="android.permission.FOREGROUND_SERVICE" />
31-->[androidx.work:work-runtime:2.9.1] AndroidManifest.xml:26:5-77
31-->[androidx.work:work-runtime:2.9.1] AndroidManifest.xml:26:22-74
32
33    <permission
33-->[androidx.core:core:1.13.1] AndroidManifest.xml:22:5-24:47
34        android:name="ae.lf.trainingeval.DYNAMIC_RECEIVER_NOT_EXPORTED_PERMISSION"
34-->[androidx.core:core:1.13.1] AndroidManifest.xml:23:9-81
35        android:protectionLevel="signature" />
35-->[androidx.core:core:1.13.1] AndroidManifest.xml:24:9-44
36
37    <uses-permission android:name="ae.lf.trainingeval.DYNAMIC_RECEIVER_NOT_EXPORTED_PERMISSION" />
37-->[androidx.core:core:1.13.1] AndroidManifest.xml:26:5-97
37-->[androidx.core:core:1.13.1] AndroidManifest.xml:26:22-94
38
39    <application
39-->src\main\AndroidManifest.xml:17:5-61:19
40        android:name="ae.lf.trainingeval.LfApplication"
40-->src\main\AndroidManifest.xml:18:9-38
41        android:allowBackup="true"
41-->src\main\AndroidManifest.xml:19:9-35
42        android:appComponentFactory="androidx.core.app.CoreComponentFactory"
42-->[androidx.core:core:1.13.1] AndroidManifest.xml:28:18-86
43        android:debuggable="true"
44        android:extractNativeLibs="false"
45        android:icon="@drawable/ic_launcher_image"
45-->src\main\AndroidManifest.xml:20:9-51
46        android:label="@string/app_name"
46-->src\main\AndroidManifest.xml:21:9-41
47        android:networkSecurityConfig="@xml/network_security_config"
47-->src\main\AndroidManifest.xml:26:9-69
48        android:roundIcon="@drawable/ic_launcher_image"
48-->src\main\AndroidManifest.xml:22:9-56
49        android:supportsRtl="true"
49-->src\main\AndroidManifest.xml:23:9-35
50        android:theme="@style/Theme.LFTrainingEval"
50-->src\main\AndroidManifest.xml:24:9-52
51        android:usesCleartextTraffic="true" >
51-->src\main\AndroidManifest.xml:25:9-44
52        <provider
53            android:name="androidx.core.content.FileProvider"
53-->src\main\AndroidManifest.xml:29:13-62
54            android:authorities="ae.lf.trainingeval.fileprovider"
54-->src\main\AndroidManifest.xml:30:13-64
55            android:exported="false"
55-->src\main\AndroidManifest.xml:31:13-37
56            android:grantUriPermissions="true" >
56-->src\main\AndroidManifest.xml:32:13-47
57            <meta-data
57-->src\main\AndroidManifest.xml:33:13-35:54
58                android:name="android.support.FILE_PROVIDER_PATHS"
58-->src\main\AndroidManifest.xml:34:17-67
59                android:resource="@xml/file_paths" />
59-->src\main\AndroidManifest.xml:35:17-51
60        </provider>
61
62        <activity
62-->src\main\AndroidManifest.xml:38:9-47:20
63            android:name="ae.lf.trainingeval.SplashActivity"
63-->src\main\AndroidManifest.xml:39:13-43
64            android:exported="true"
64-->src\main\AndroidManifest.xml:40:13-36
65            android:screenOrientation="fullSensor"
65-->src\main\AndroidManifest.xml:42:13-51
66            android:theme="@style/Theme.LFTrainingEval.Splash" >
66-->src\main\AndroidManifest.xml:41:13-63
67            <intent-filter>
67-->src\main\AndroidManifest.xml:43:13-46:29
68                <action android:name="android.intent.action.MAIN" />
68-->src\main\AndroidManifest.xml:44:17-69
68-->src\main\AndroidManifest.xml:44:25-66
69
70                <category android:name="android.intent.category.LAUNCHER" />
70-->src\main\AndroidManifest.xml:45:17-77
70-->src\main\AndroidManifest.xml:45:27-74
71            </intent-filter>
72        </activity>
73        <activity
73-->src\main\AndroidManifest.xml:49:9-54:58
74            android:name="ae.lf.trainingeval.MainActivity"
74-->src\main\AndroidManifest.xml:50:13-41
75            android:configChanges="orientation|screenSize|keyboardHidden"
75-->src\main\AndroidManifest.xml:52:13-74
76            android:exported="false"
76-->src\main\AndroidManifest.xml:51:13-37
77            android:screenOrientation="fullSensor"
77-->src\main\AndroidManifest.xml:53:13-51
78            android:windowSoftInputMode="adjustResize" />
78-->src\main\AndroidManifest.xml:54:13-55
79        <activity
79-->src\main\AndroidManifest.xml:56:9-60:54
80            android:name="ae.lf.trainingeval.SettingsActivity"
80-->src\main\AndroidManifest.xml:57:13-45
81            android:exported="false"
81-->src\main\AndroidManifest.xml:58:13-37
82            android:parentActivityName="ae.lf.trainingeval.MainActivity"
82-->src\main\AndroidManifest.xml:59:13-55
83            android:screenOrientation="fullSensor" />
83-->src\main\AndroidManifest.xml:60:13-51
84
85        <provider
85-->[androidx.emoji2:emoji2:1.3.0] AndroidManifest.xml:24:9-32:20
86            android:name="androidx.startup.InitializationProvider"
86-->[androidx.emoji2:emoji2:1.3.0] AndroidManifest.xml:25:13-67
87            android:authorities="ae.lf.trainingeval.androidx-startup"
87-->[androidx.emoji2:emoji2:1.3.0] AndroidManifest.xml:26:13-68
88            android:exported="false" >
88-->[androidx.emoji2:emoji2:1.3.0] AndroidManifest.xml:27:13-37
89            <meta-data
89-->[androidx.emoji2:emoji2:1.3.0] AndroidManifest.xml:29:13-31:52
90                android:name="androidx.emoji2.text.EmojiCompatInitializer"
90-->[androidx.emoji2:emoji2:1.3.0] AndroidManifest.xml:30:17-75
91                android:value="androidx.startup" />
91-->[androidx.emoji2:emoji2:1.3.0] AndroidManifest.xml:31:17-49
92            <meta-data
92-->[androidx.work:work-runtime:2.9.1] AndroidManifest.xml:34:13-36:52
93                android:name="androidx.work.WorkManagerInitializer"
93-->[androidx.work:work-runtime:2.9.1] AndroidManifest.xml:35:17-68
94                android:value="androidx.startup" />
94-->[androidx.work:work-runtime:2.9.1] AndroidManifest.xml:36:17-49
95            <meta-data
95-->[androidx.lifecycle:lifecycle-process:2.6.2] AndroidManifest.xml:29:13-31:52
96                android:name="androidx.lifecycle.ProcessLifecycleInitializer"
96-->[androidx.lifecycle:lifecycle-process:2.6.2] AndroidManifest.xml:30:17-78
97                android:value="androidx.startup" />
97-->[androidx.lifecycle:lifecycle-process:2.6.2] AndroidManifest.xml:31:17-49
98            <meta-data
98-->[androidx.profileinstaller:profileinstaller:1.3.1] AndroidManifest.xml:29:13-31:52
99                android:name="androidx.profileinstaller.ProfileInstallerInitializer"
99-->[androidx.profileinstaller:profileinstaller:1.3.1] AndroidManifest.xml:30:17-85
100                android:value="androidx.startup" />
100-->[androidx.profileinstaller:profileinstaller:1.3.1] AndroidManifest.xml:31:17-49
101        </provider>
102
103        <service
103-->[androidx.work:work-runtime:2.9.1] AndroidManifest.xml:39:9-45:35
104            android:name="androidx.work.impl.background.systemalarm.SystemAlarmService"
104-->[androidx.work:work-runtime:2.9.1] AndroidManifest.xml:40:13-88
105            android:directBootAware="false"
105-->[androidx.work:work-runtime:2.9.1] AndroidManifest.xml:41:13-44
106            android:enabled="@bool/enable_system_alarm_service_default"
106-->[androidx.work:work-runtime:2.9.1] AndroidManifest.xml:42:13-72
107            android:exported="false" />
107-->[androidx.work:work-runtime:2.9.1] AndroidManifest.xml:43:13-37
108        <service
108-->[androidx.work:work-runtime:2.9.1] AndroidManifest.xml:46:9-52:35
109            android:name="androidx.work.impl.background.systemjob.SystemJobService"
109-->[androidx.work:work-runtime:2.9.1] AndroidManifest.xml:47:13-84
110            android:directBootAware="false"
110-->[androidx.work:work-runtime:2.9.1] AndroidManifest.xml:48:13-44
111            android:enabled="@bool/enable_system_job_service_default"
111-->[androidx.work:work-runtime:2.9.1] AndroidManifest.xml:49:13-70
112            android:exported="true"
112-->[androidx.work:work-runtime:2.9.1] AndroidManifest.xml:50:13-36
113            android:permission="android.permission.BIND_JOB_SERVICE" />
113-->[androidx.work:work-runtime:2.9.1] AndroidManifest.xml:51:13-69
114        <service
114-->[androidx.work:work-runtime:2.9.1] AndroidManifest.xml:53:9-59:35
115            android:name="androidx.work.impl.foreground.SystemForegroundService"
115-->[androidx.work:work-runtime:2.9.1] AndroidManifest.xml:54:13-81
116            android:directBootAware="false"
116-->[androidx.work:work-runtime:2.9.1] AndroidManifest.xml:55:13-44
117            android:enabled="@bool/enable_system_foreground_service_default"
117-->[androidx.work:work-runtime:2.9.1] AndroidManifest.xml:56:13-77
118            android:exported="false" />
118-->[androidx.work:work-runtime:2.9.1] AndroidManifest.xml:57:13-37
119
120        <receiver
120-->[androidx.work:work-runtime:2.9.1] AndroidManifest.xml:61:9-66:35
121            android:name="androidx.work.impl.utils.ForceStopRunnable$BroadcastReceiver"
121-->[androidx.work:work-runtime:2.9.1] AndroidManifest.xml:62:13-88
122            android:directBootAware="false"
122-->[androidx.work:work-runtime:2.9.1] AndroidManifest.xml:63:13-44
123            android:enabled="true"
123-->[androidx.work:work-runtime:2.9.1] AndroidManifest.xml:64:13-35
124            android:exported="false" />
124-->[androidx.work:work-runtime:2.9.1] AndroidManifest.xml:65:13-37
125        <receiver
125-->[androidx.work:work-runtime:2.9.1] AndroidManifest.xml:67:9-77:20
126            android:name="androidx.work.impl.background.systemalarm.ConstraintProxy$BatteryChargingProxy"
126-->[androidx.work:work-runtime:2.9.1] AndroidManifest.xml:68:13-106
127            android:directBootAware="false"
127-->[androidx.work:work-runtime:2.9.1] AndroidManifest.xml:69:13-44
128            android:enabled="false"
128-->[androidx.work:work-runtime:2.9.1] AndroidManifest.xml:70:13-36
129            android:exported="false" >
129-->[androidx.work:work-runtime:2.9.1] AndroidManifest.xml:71:13-37
130            <intent-filter>
130-->[androidx.work:work-runtime:2.9.1] AndroidManifest.xml:73:13-76:29
131                <action android:name="android.intent.action.ACTION_POWER_CONNECTED" />
131-->[androidx.work:work-runtime:2.9.1] AndroidManifest.xml:74:17-87
131-->[androidx.work:work-runtime:2.9.1] AndroidManifest.xml:74:25-84
132                <action android:name="android.intent.action.ACTION_POWER_DISCONNECTED" />
132-->[androidx.work:work-runtime:2.9.1] AndroidManifest.xml:75:17-90
132-->[androidx.work:work-runtime:2.9.1] AndroidManifest.xml:75:25-87
133            </intent-filter>
134        </receiver>
135        <receiver
135-->[androidx.work:work-runtime:2.9.1] AndroidManifest.xml:78:9-88:20
136            android:name="androidx.work.impl.background.systemalarm.ConstraintProxy$BatteryNotLowProxy"
136-->[androidx.work:work-runtime:2.9.1] AndroidManifest.xml:79:13-104
137            android:directBootAware="false"
137-->[androidx.work:work-runtime:2.9.1] AndroidManifest.xml:80:13-44
138            android:enabled="false"
138-->[androidx.work:work-runtime:2.9.1] AndroidManifest.xml:81:13-36
139            android:exported="false" >
139-->[androidx.work:work-runtime:2.9.1] AndroidManifest.xml:82:13-37
140            <intent-filter>
140-->[androidx.work:work-runtime:2.9.1] AndroidManifest.xml:84:13-87:29
141                <action android:name="android.intent.action.BATTERY_OKAY" />
141-->[androidx.work:work-runtime:2.9.1] AndroidManifest.xml:85:17-77
141-->[androidx.work:work-runtime:2.9.1] AndroidManifest.xml:85:25-74
142                <action android:name="android.intent.action.BATTERY_LOW" />
142-->[androidx.work:work-runtime:2.9.1] AndroidManifest.xml:86:17-76
142-->[androidx.work:work-runtime:2.9.1] AndroidManifest.xml:86:25-73
143            </intent-filter>
144        </receiver>
145        <receiver
145-->[androidx.work:work-runtime:2.9.1] AndroidManifest.xml:89:9-99:20
146            android:name="androidx.work.impl.background.systemalarm.ConstraintProxy$StorageNotLowProxy"
146-->[androidx.work:work-runtime:2.9.1] AndroidManifest.xml:90:13-104
147            android:directBootAware="false"
147-->[androidx.work:work-runtime:2.9.1] AndroidManifest.xml:91:13-44
148            android:enabled="false"
148-->[androidx.work:work-runtime:2.9.1] AndroidManifest.xml:92:13-36
149            android:exported="false" >
149-->[androidx.work:work-runtime:2.9.1] AndroidManifest.xml:93:13-37
150            <intent-filter>
150-->[androidx.work:work-runtime:2.9.1] AndroidManifest.xml:95:13-98:29
151                <action android:name="android.intent.action.DEVICE_STORAGE_LOW" />
151-->[androidx.work:work-runtime:2.9.1] AndroidManifest.xml:96:17-83
151-->[androidx.work:work-runtime:2.9.1] AndroidManifest.xml:96:25-80
152                <action android:name="android.intent.action.DEVICE_STORAGE_OK" />
152-->[androidx.work:work-runtime:2.9.1] AndroidManifest.xml:97:17-82
152-->[androidx.work:work-runtime:2.9.1] AndroidManifest.xml:97:25-79
153            </intent-filter>
154        </receiver>
155        <receiver
155-->[androidx.work:work-runtime:2.9.1] AndroidManifest.xml:100:9-109:20
156            android:name="androidx.work.impl.background.systemalarm.ConstraintProxy$NetworkStateProxy"
156-->[androidx.work:work-runtime:2.9.1] AndroidManifest.xml:101:13-103
157            android:directBootAware="false"
157-->[androidx.work:work-runtime:2.9.1] AndroidManifest.xml:102:13-44
158            android:enabled="false"
158-->[androidx.work:work-runtime:2.9.1] AndroidManifest.xml:103:13-36
159            android:exported="false" >
159-->[androidx.work:work-runtime:2.9.1] AndroidManifest.xml:104:13-37
160            <intent-filter>
160-->[androidx.work:work-runtime:2.9.1] AndroidManifest.xml:106:13-108:29
161                <action android:name="android.net.conn.CONNECTIVITY_CHANGE" />
161-->[androidx.work:work-runtime:2.9.1] AndroidManifest.xml:107:17-79
161-->[androidx.work:work-runtime:2.9.1] AndroidManifest.xml:107:25-76
162            </intent-filter>
163        </receiver>
164        <receiver
164-->[androidx.work:work-runtime:2.9.1] AndroidManifest.xml:110:9-121:20
165            android:name="androidx.work.impl.background.systemalarm.RescheduleReceiver"
165-->[androidx.work:work-runtime:2.9.1] AndroidManifest.xml:111:13-88
166            android:directBootAware="false"
166-->[androidx.work:work-runtime:2.9.1] AndroidManifest.xml:112:13-44
167            android:enabled="false"
167-->[androidx.work:work-runtime:2.9.1] AndroidManifest.xml:113:13-36
168            android:exported="false" >
168-->[androidx.work:work-runtime:2.9.1] AndroidManifest.xml:114:13-37
169            <intent-filter>
169-->[androidx.work:work-runtime:2.9.1] AndroidManifest.xml:116:13-120:29
170                <action android:name="android.intent.action.BOOT_COMPLETED" />
170-->[androidx.work:work-runtime:2.9.1] AndroidManifest.xml:117:17-79
170-->[androidx.work:work-runtime:2.9.1] AndroidManifest.xml:117:25-76
171                <action android:name="android.intent.action.TIME_SET" />
171-->[androidx.work:work-runtime:2.9.1] AndroidManifest.xml:118:17-73
171-->[androidx.work:work-runtime:2.9.1] AndroidManifest.xml:118:25-70
172                <action android:name="android.intent.action.TIMEZONE_CHANGED" />
172-->[androidx.work:work-runtime:2.9.1] AndroidManifest.xml:119:17-81
172-->[androidx.work:work-runtime:2.9.1] AndroidManifest.xml:119:25-78
173            </intent-filter>
174        </receiver>
175        <receiver
175-->[androidx.work:work-runtime:2.9.1] AndroidManifest.xml:122:9-131:20
176            android:name="androidx.work.impl.background.systemalarm.ConstraintProxyUpdateReceiver"
176-->[androidx.work:work-runtime:2.9.1] AndroidManifest.xml:123:13-99
177            android:directBootAware="false"
177-->[androidx.work:work-runtime:2.9.1] AndroidManifest.xml:124:13-44
178            android:enabled="@bool/enable_system_alarm_service_default"
178-->[androidx.work:work-runtime:2.9.1] AndroidManifest.xml:125:13-72
179            android:exported="false" >
179-->[androidx.work:work-runtime:2.9.1] AndroidManifest.xml:126:13-37
180            <intent-filter>
180-->[androidx.work:work-runtime:2.9.1] AndroidManifest.xml:128:13-130:29
181                <action android:name="androidx.work.impl.background.systemalarm.UpdateProxies" />
181-->[androidx.work:work-runtime:2.9.1] AndroidManifest.xml:129:17-98
181-->[androidx.work:work-runtime:2.9.1] AndroidManifest.xml:129:25-95
182            </intent-filter>
183        </receiver>
184        <receiver
184-->[androidx.work:work-runtime:2.9.1] AndroidManifest.xml:132:9-142:20
185            android:name="androidx.work.impl.diagnostics.DiagnosticsReceiver"
185-->[androidx.work:work-runtime:2.9.1] AndroidManifest.xml:133:13-78
186            android:directBootAware="false"
186-->[androidx.work:work-runtime:2.9.1] AndroidManifest.xml:134:13-44
187            android:enabled="true"
187-->[androidx.work:work-runtime:2.9.1] AndroidManifest.xml:135:13-35
188            android:exported="true"
188-->[androidx.work:work-runtime:2.9.1] AndroidManifest.xml:136:13-36
189            android:permission="android.permission.DUMP" >
189-->[androidx.work:work-runtime:2.9.1] AndroidManifest.xml:137:13-57
190            <intent-filter>
190-->[androidx.work:work-runtime:2.9.1] AndroidManifest.xml:139:13-141:29
191                <action android:name="androidx.work.diagnostics.REQUEST_DIAGNOSTICS" />
191-->[androidx.work:work-runtime:2.9.1] AndroidManifest.xml:140:17-88
191-->[androidx.work:work-runtime:2.9.1] AndroidManifest.xml:140:25-85
192            </intent-filter>
193        </receiver>
194
195        <service
195-->[androidx.room:room-runtime:2.6.1] AndroidManifest.xml:24:9-28:63
196            android:name="androidx.room.MultiInstanceInvalidationService"
196-->[androidx.room:room-runtime:2.6.1] AndroidManifest.xml:25:13-74
197            android:directBootAware="true"
197-->[androidx.room:room-runtime:2.6.1] AndroidManifest.xml:26:13-43
198            android:exported="false" />
198-->[androidx.room:room-runtime:2.6.1] AndroidManifest.xml:27:13-37
199
200        <receiver
200-->[androidx.profileinstaller:profileinstaller:1.3.1] AndroidManifest.xml:34:9-52:20
201            android:name="androidx.profileinstaller.ProfileInstallReceiver"
201-->[androidx.profileinstaller:profileinstaller:1.3.1] AndroidManifest.xml:35:13-76
202            android:directBootAware="false"
202-->[androidx.profileinstaller:profileinstaller:1.3.1] AndroidManifest.xml:36:13-44
203            android:enabled="true"
203-->[androidx.profileinstaller:profileinstaller:1.3.1] AndroidManifest.xml:37:13-35
204            android:exported="true"
204-->[androidx.profileinstaller:profileinstaller:1.3.1] AndroidManifest.xml:38:13-36
205            android:permission="android.permission.DUMP" >
205-->[androidx.profileinstaller:profileinstaller:1.3.1] AndroidManifest.xml:39:13-57
206            <intent-filter>
206-->[androidx.profileinstaller:profileinstaller:1.3.1] AndroidManifest.xml:40:13-42:29
207                <action android:name="androidx.profileinstaller.action.INSTALL_PROFILE" />
207-->[androidx.profileinstaller:profileinstaller:1.3.1] AndroidManifest.xml:41:17-91
207-->[androidx.profileinstaller:profileinstaller:1.3.1] AndroidManifest.xml:41:25-88
208            </intent-filter>
209            <intent-filter>
209-->[androidx.profileinstaller:profileinstaller:1.3.1] AndroidManifest.xml:43:13-45:29
210                <action android:name="androidx.profileinstaller.action.SKIP_FILE" />
210-->[androidx.profileinstaller:profileinstaller:1.3.1] AndroidManifest.xml:44:17-85
210-->[androidx.profileinstaller:profileinstaller:1.3.1] AndroidManifest.xml:44:25-82
211            </intent-filter>
212            <intent-filter>
212-->[androidx.profileinstaller:profileinstaller:1.3.1] AndroidManifest.xml:46:13-48:29
213                <action android:name="androidx.profileinstaller.action.SAVE_PROFILE" />
213-->[androidx.profileinstaller:profileinstaller:1.3.1] AndroidManifest.xml:47:17-88
213-->[androidx.profileinstaller:profileinstaller:1.3.1] AndroidManifest.xml:47:25-85
214            </intent-filter>
215            <intent-filter>
215-->[androidx.profileinstaller:profileinstaller:1.3.1] AndroidManifest.xml:49:13-51:29
216                <action android:name="androidx.profileinstaller.action.BENCHMARK_OPERATION" />
216-->[androidx.profileinstaller:profileinstaller:1.3.1] AndroidManifest.xml:50:17-95
216-->[androidx.profileinstaller:profileinstaller:1.3.1] AndroidManifest.xml:50:25-92
217            </intent-filter>
218        </receiver>
219    </application>
220
221</manifest>